{"contracts/Polynians.sol":{"l":{"26":54,"30":20,"31":20,"32":20,"42":1,"46":1,"47":1,"48":1,"49":1,"50":1,"51":1,"62":1,"66":1,"67":1,"69":1,"70":5,"71":5,"72":5,"73":5,"74":5,"75":5,"79":1,"84":5,"85":3,"89":212,"90":212,"91":212,"103":212,"104":212,"105":211,"106":210,"107":208,"109":207,"110":205,"111":205,"112":205,"113":1022,"116":1022,"117":1022,"118":1022,"122":205,"124":2,"127":2,"128":2,"132":207,"136":12,"137":12,"141":1,"145":1,"146":1},"path":"/Users/vladamar/NFTMinterWebsite/contracts/Polynians.sol","s":{"1":54,"2":20,"3":20,"4":20,"5":1,"6":1,"7":1,"8":1,"9":1,"10":1,"11":1,"12":1,"13":1,"14":1,"15":1,"16":5,"17":5,"18":5,"19":5,"20":5,"21":5,"22":1,"23":5,"24":3,"25":212,"26":212,"27":212,"28":212,"29":212,"30":211,"31":210,"32":208,"33":207,"34":205,"35":205,"36":205,"37":1022,"38":1022,"39":205,"40":2,"41":207,"42":12,"43":12,"44":1,"45":1,"46":1},"b":{"1":[20,0],"2":[20,0],"3":[1,0],"4":[1,0],"5":[1,0],"6":[1,0],"7":[1,0],"8":[1,0],"9":[1,0],"10":[5,0],"11":[5,0],"12":[3,2],"13":[212,0],"14":[211,1],"15":[210,1],"16":[208,2],"17":[207,1],"18":[205,2],"19":[1,0]},"f":{"1":54,"2":20,"3":1,"4":1,"5":5,"6":212,"7":12,"8":1,"9":1},"fnMap":{"1":{"name":"constructor","line":25,"loc":{"start":{"line":25,"column":4},"end":{"line":27,"column":4}}},"2":{"name":"balanceOf","line":29,"loc":{"start":{"line":29,"column":4},"end":{"line":33,"column":4}}},"3":{"name":"safeTransferFrom","line":35,"loc":{"start":{"line":35,"column":4},"end":{"line":53,"column":4}}},"4":{"name":"safeBatchTransferFrom","line":55,"loc":{"start":{"line":55,"column":4},"end":{"line":81,"column":4}}},"5":{"name":"uri","line":83,"loc":{"start":{"line":83,"column":4},"end":{"line":86,"column":4}}},"6":{"name":"mint","line":88,"loc":{"start":{"line":88,"column":4},"end":{"line":133,"column":4}}},"7":{"name":"setSale","line":135,"loc":{"start":{"line":135,"column":4},"end":{"line":138,"column":4}}},"8":{"name":"setURI","line":140,"loc":{"start":{"line":140,"column":4},"end":{"line":142,"column":4}}},"9":{"name":"withdraw","line":144,"loc":{"start":{"line":144,"column":4},"end":{"line":147,"column":4}}}},"statementMap":{"1":{"start":{"line":26,"column":8},"end":{"line":26,"column":21}},"2":{"start":{"line":30,"column":8},"end":{"line":30,"column":84}},"3":{"start":{"line":31,"column":8},"end":{"line":31,"column":71}},"4":{"start":{"line":32,"column":8},"end":{"line":32,"column":44}},"5":{"start":{"line":42,"column":8},"end":{"line":42,"column":1320}},"6":{"start":{"line":46,"column":8},"end":{"line":46,"column":73}},"7":{"start":{"line":47,"column":8},"end":{"line":47,"column":91}},"8":{"start":{"line":48,"column":8},"end":{"line":48,"column":38}},"9":{"start":{"line":49,"column":8},"end":{"line":49,"column":84}},"10":{"start":{"line":50,"column":8},"end":{"line":50,"column":23}},"11":{"start":{"line":51,"column":8},"end":{"line":51,"column":56}},"12":{"start":{"line":62,"column":8},"end":{"line":62,"column":2073}},"13":{"start":{"line":66,"column":8},"end":{"line":66,"column":73}},"14":{"start":{"line":67,"column":8},"end":{"line":67,"column":88}},"15":{"start":{"line":69,"column":8},"end":{"line":69,"column":2407}},"16":{"start":{"line":70,"column":12},"end":{"line":70,"column":31}},"17":{"start":{"line":71,"column":12},"end":{"line":71,"column":39}},"18":{"start":{"line":72,"column":12},"end":{"line":72,"column":95}},"19":{"start":{"line":73,"column":12},"end":{"line":73,"column":42}},"20":{"start":{"line":74,"column":12},"end":{"line":74,"column":88}},"21":{"start":{"line":75,"column":12},"end":{"line":75,"column":27}},"22":{"start":{"line":79,"column":8},"end":{"line":79,"column":62}},"23":{"start":{"line":84,"column":8},"end":{"line":84,"column":66}},"24":{"start":{"line":85,"column":8},"end":{"line":85,"column":73}},"25":{"start":{"line":89,"column":8},"end":{"line":89,"column":44}},"26":{"start":{"line":90,"column":8},"end":{"line":90,"column":30}},"27":{"start":{"line":91,"column":8},"end":{"line":91,"column":38}},"28":{"start":{"line":103,"column":8},"end":{"line":103,"column":52}},"29":{"start":{"line":104,"column":8},"end":{"line":104,"column":43}},"30":{"start":{"line":105,"column":8},"end":{"line":105,"column":83}},"31":{"start":{"line":106,"column":8},"end":{"line":106,"column":77}},"32":{"start":{"line":107,"column":8},"end":{"line":107,"column":60}},"33":{"start":{"line":109,"column":8},"end":{"line":109,"column":4306}},"34":{"start":{"line":110,"column":12},"end":{"line":110,"column":61}},"35":{"start":{"line":111,"column":12},"end":{"line":111,"column":60}},"36":{"start":{"line":112,"column":12},"end":{"line":112,"column":4466}},"37":{"start":{"line":116,"column":16},"end":{"line":116,"column":41}},"38":{"start":{"line":117,"column":16},"end":{"line":117,"column":28}},"39":{"start":{"line":122,"column":12},"end":{"line":122,"column":83}},"40":{"start":{"line":127,"column":12},"end":{"line":127,"column":85}},"41":{"start":{"line":132,"column":8},"end":{"line":132,"column":35}},"42":{"start":{"line":136,"column":8},"end":{"line":136,"column":29}},"43":{"start":{"line":137,"column":8},"end":{"line":137,"column":34}},"44":{"start":{"line":141,"column":8},"end":{"line":141,"column":23}},"45":{"start":{"line":145,"column":8},"end":{"line":145,"column":81}},"46":{"start":{"line":146,"column":8},"end":{"line":146,"column":47}}},"branchMap":{"1":{"line":30,"type":"if","locations":[{"start":{"line":30,"column":8},"end":{"line":30,"column":8}},{"start":{"line":30,"column":8},"end":{"line":30,"column":8}}]},"2":{"line":31,"type":"if","locations":[{"start":{"line":31,"column":8},"end":{"line":31,"column":8}},{"start":{"line":31,"column":8},"end":{"line":31,"column":8}}]},"3":{"line":42,"type":"if","locations":[{"start":{"line":42,"column":8},"end":{"line":42,"column":8}},{"start":{"line":42,"column":8},"end":{"line":42,"column":8}}]},"4":{"line":46,"type":"if","locations":[{"start":{"line":46,"column":8},"end":{"line":46,"column":8}},{"start":{"line":46,"column":8},"end":{"line":46,"column":8}}]},"5":{"line":47,"type":"if","locations":[{"start":{"line":47,"column":8},"end":{"line":47,"column":8}},{"start":{"line":47,"column":8},"end":{"line":47,"column":8}}]},"6":{"line":49,"type":"if","locations":[{"start":{"line":49,"column":8},"end":{"line":49,"column":8}},{"start":{"line":49,"column":8},"end":{"line":49,"column":8}}]},"7":{"line":62,"type":"if","locations":[{"start":{"line":62,"column":8},"end":{"line":62,"column":8}},{"start":{"line":62,"column":8},"end":{"line":62,"column":8}}]},"8":{"line":66,"type":"if","locations":[{"start":{"line":66,"column":8},"end":{"line":66,"column":8}},{"start":{"line":66,"column":8},"end":{"line":66,"column":8}}]},"9":{"line":67,"type":"if","locations":[{"start":{"line":67,"column":8},"end":{"line":67,"column":8}},{"start":{"line":67,"column":8},"end":{"line":67,"column":8}}]},"10":{"line":72,"type":"if","locations":[{"start":{"line":72,"column":12},"end":{"line":72,"column":12}},{"start":{"line":72,"column":12},"end":{"line":72,"column":12}}]},"11":{"line":74,"type":"if","locations":[{"start":{"line":74,"column":12},"end":{"line":74,"column":12}},{"start":{"line":74,"column":12},"end":{"line":74,"column":12}}]},"12":{"line":84,"type":"if","locations":[{"start":{"line":84,"column":8},"end":{"line":84,"column":8}},{"start":{"line":84,"column":8},"end":{"line":84,"column":8}}]},"13":{"line":103,"type":"if","locations":[{"start":{"line":103,"column":8},"end":{"line":103,"column":8}},{"start":{"line":103,"column":8},"end":{"line":103,"column":8}}]},"14":{"line":104,"type":"if","locations":[{"start":{"line":104,"column":8},"end":{"line":104,"column":8}},{"start":{"line":104,"column":8},"end":{"line":104,"column":8}}]},"15":{"line":105,"type":"if","locations":[{"start":{"line":105,"column":8},"end":{"line":105,"column":8}},{"start":{"line":105,"column":8},"end":{"line":105,"column":8}}]},"16":{"line":106,"type":"if","locations":[{"start":{"line":106,"column":8},"end":{"line":106,"column":8}},{"start":{"line":106,"column":8},"end":{"line":106,"column":8}}]},"17":{"line":107,"type":"if","locations":[{"start":{"line":107,"column":8},"end":{"line":107,"column":8}},{"start":{"line":107,"column":8},"end":{"line":107,"column":8}}]},"18":{"line":109,"type":"if","locations":[{"start":{"line":109,"column":8},"end":{"line":109,"column":8}},{"start":{"line":109,"column":8},"end":{"line":109,"column":8}}]},"19":{"line":146,"type":"if","locations":[{"start":{"line":146,"column":8},"end":{"line":146,"column":8}},{"start":{"line":146,"column":8},"end":{"line":146,"column":8}}]}}}}